Contents of file OpenAccountTest.log
[2024-02-24T20:56:47,705][INFO ][main] ===================== Execution started: OpenAccountTest =====================
[2024-02-24T20:56:51,606][INFO ][main] main : sharedData.browser.SafariBrowserService: openBrowser ==>  The browser was opened, XYZ Bank Home page was loaded.
[2024-02-24T20:56:51,987][INFO ][main] main : pages.homePage.HomePage: clickBankManagerLogin ==>  The user clicks the Bank Manager Login button from the Home Page.
[2024-02-24T20:56:52,269][INFO ][main] main : pages.bankManagerLogin.BankManagerPage: clickCustomers ==>  The user clicks on the Customers button from the Bank Manager page.
[2024-02-24T20:56:52,603][INFO ][main] main : pages.bankManagerLogin.BankManagerPage: clickCustomers ==>  The Search Customer bar and the Customers Table are both visible.
[2024-02-24T20:56:52,644][INFO ][main] main : pages.bankManagerLogin.BankManagerPage: clickCustomers ==>  The user clicks on the Customers button from the Bank Manager page.
[2024-02-24T20:56:52,700][INFO ][main] main : pages.bankManagerLogin.BankManagerPage: clickCustomers ==>  The Search Customer bar and the Customers Table are both visible.
[2024-02-24T20:56:53,193][INFO ][main] main : pages.bankManagerLogin.BankManagerPage: clickOpenAccount ==>  The user clicks on the Open Account button from the Bank Manager page.
[2024-02-24T20:56:53,542][INFO ][main] main : pages.bankManagerLogin.BankManagerPage: clickOpenAccount ==>  The Open Account form appears.
[2024-02-24T20:56:53,586][INFO ][main] main : pages.bankManagerLogin.BankManagerPage: selectCustomerName ==>  The user fills in the Customer field with the name and surname of an existing customer: Hermoine Granger
[2024-02-24T20:56:53,651][INFO ][main] main : pages.bankManagerLogin.BankManagerPage: selectCurrency ==>  The user selects the first Currency type in the Currency selector.
[2024-02-24T20:56:53,698][INFO ][main] main : pages.bankManagerLogin.BankManagerPage: openAccount ==>  The user clicks the Process button at the bottom of the Open Account form.
[2024-02-24T20:57:04,124][ERROR][main] main : sharedData.Hooks: clearEnvironment ==>  Expected condition failed: waiting for alert to be present (tried for 10 second(s) with 500 milliseconds interval)
Build info: version: '4.14.1', revision: '03f8ede370'
System info: os.name: 'Mac OS X', os.arch: 'x86_64', os.version: '14.1.2', java.version: '20.0.2.1'
Driver info: org.openqa.selenium.safari.SafariDriver
Capabilities {acceptInsecureCerts: false, browserName: Safari, browserVersion: 17.1.2, platformName: mac, safari:automaticInspection: false, safari:automaticProfiling: false, safari:diagnose: false, safari:disabledSandbox: --nosandbox, safari:gpusupport: --disable-gpu, safari:platformBuildVersion: 23B92, safari:platformVersion: 14.1.2, safari:resolution: window-size=1920,1080, safari:useSimulator: false, setWindowRect: true, strictFileInteractability: false, webkit:WebRTC: {DisableICECandidateFiltering: false, DisableInsecureMediaCapture: false}}
Session ID: 2BDB2710-251B-409D-A5BB-2CD4C2913C3E
[2024-02-24T20:57:04,124][INFO ][main] ===================== Test failed  =====================
[2024-02-24T20:57:04,375][INFO ][main] main : sharedData.SharedData: clear ==>  The browser was closed.
Contents of file SearchCustomerTest.log
[2024-02-24T20:51:04,282][INFO ][TestNG-test=Regression Tests-4] ===================== Execution started: SearchCustomerTest =====================
Contents of file CustomerLoginTest.log
[2024-02-24T20:51:04,278][INFO ][TestNG-test=Regression Tests-2] ===================== Execution started: CustomerLoginTest =====================
Contents of file HomePageTest.log
[2024-02-24T20:51:04,257][INFO ][TestNG-test=Regression Tests-1] ===================== Execution started: HomePageTest =====================
Contents of file GenericCustomerLoginTest.log
[2024-02-24T19:16:38,627][INFO ][TestNG-test=Regression Tests-2] ===================== Execution started: GenericCustomerLoginTest =====================
[2024-02-24T19:16:58,612][INFO ][TestNG-test=Regression Tests-2] TestNG-test=Regression Tests-2 : pages.homePage.HomePage: clickCustomerLoginButton ==>  The user clicks the Customer Login button from the Home Page.
[2024-02-24T19:17:00,520][INFO ][TestNG-test=Regression Tests-2] TestNG-test=Regression Tests-2 : pages.customerLogin.CustomerLoginPage: selectCustomer ==>  The user selects a customer from the dropdown selector; customer position in list is: 1
[2024-02-24T19:17:01,497][INFO ][TestNG-test=Regression Tests-2] TestNG-test=Regression Tests-2 : pages.customerLogin.CustomerLoginPage: clickLogin ==>  The user clicks on the Login button.
[2024-02-24T19:17:03,565][INFO ][TestNG-test=Regression Tests-2] TestNG-test=Regression Tests-2 : pages.customerLogin.CustomerLoginPage: loginAndLogoutCustomer ==>  The customer login was successful, the Customer Account page is displayed.
[2024-02-24T19:17:03,576][INFO ][TestNG-test=Regression Tests-2] TestNG-test=Regression Tests-2 : pages.customerLogin.CustomerLoginPage: loginAndLogoutCustomer ==>  The Customer Account page URL is correct: https://www.globalsqa.com/angularJs-protractor/BankingProject/#/account
[2024-02-24T19:17:04,584][INFO ][TestNG-test=Regression Tests-2] TestNG-test=Regression Tests-2 : pages.customerLogin.CustomerLoginPage: clickLogout ==>  The user clicks on the Logout button.
[2024-02-24T19:17:04,834][INFO ][TestNG-test=Regression Tests-2] TestNG-test=Regression Tests-2 : pages.customerLogin.CustomerLoginPage: loginAndLogoutCustomer ==>  The customer logout was successful, the Customer Login page is once more displayed.
[2024-02-24T19:17:04,974][INFO ][TestNG-test=Regression Tests-2] ===================== Execution ended: GenericCustomerLoginTest =====================
Contents of file DeleteCustomerTest.log
[2024-02-24T20:51:36,736][INFO ][TestNG-test=Regression Tests-4] ===================== Execution started: DeleteCustomerTest =====================
Contents of file AddCustomerTest.log
[2024-02-24T20:51:04,268][INFO ][TestNG-test=Regression Tests-5] ===================== Execution started: AddCustomerTest =====================
Contents of file CustomerAccountTest.log
[2024-02-24T17:14:57,662][INFO ][main] ===================== Execution started: CustomerAccountTest =====================
[2024-02-24T17:15:08,697][ERROR][main] main : sharedData.Hooks: clearEnvironment ==>  Element should have been "select" but was "strong"
Build info: version: '4.14.1', revision: '03f8ede370'
System info: os.name: 'Mac OS X', os.arch: 'x86_64', os.version: '14.1.2', java.version: '20.0.2.1'
Driver info: driver.version: unknown
[2024-02-24T17:15:08,700][INFO ][main] ===================== Test failed  =====================
Contents of file WIPCustomerAccountTest.log
[2024-02-24T19:16:38,642][INFO ][TestNG-test=Regression Tests-3] ===================== Execution started: WIPCustomerAccountTest =====================
[2024-02-24T19:16:55,655][INFO ][TestNG-test=Regression Tests-3] ===================== Execution ended: WIPCustomerAccountTest =====================
